# JRE version: OpenJDK Runtime Environment Temurin-21.0.8+9 (21.0.8+9) (build 21.0.8+9-LTS)
# Java VM: OpenJDK 64-Bit Server VM Temurin-21.0.8+9 (21.0.8+9-LTS, mixed mode, sharing, tiered, compressed oops, compressed class ptrs, g1 gc, windows-amd64)
GC Precious Log:
 CardTable entry size: 512
 Card Set container configuration: InlinePtr #cards 5 size 8 Array Of Cards #cards 12 size 40 Howl #buckets 4 coarsen threshold 1843 Howl Bitmap #cards 512 size 80 coarsen threshold 460 Card regions per heap region 1 cards per card region 2048
 CPUs: 4 total, 4 available
 Memory: 7790M
 Large Page Support: Disabled
 NUMA Support: Disabled
 Compressed Oops: Enabled (32-bit)
 Heap Region Size: 1M
 Heap Min Capacity: 8M
 Heap Initial Capacity: 122M
 Heap Max Capacity: 1948M
 Pre-touch: Disabled
 Parallel Workers: 4
 Concurrent Workers: 1
 Concurrent Refinement Workers: 4
 Periodic GC: Disabled
Heap:
 garbage-first heap   total 76800K, used 52074K [0x0000000086400000, 0x0000000100000000)
  region size 1024K, 9 young (9216K), 1 survivors (1024K)
 Metaspace       used 92039K, committed 92864K, reserved 1179648K
  class space    used 12726K, committed 13120K, reserved 1048576K
GC Heap History (20 events):
Event: 4214.525 GC heap before
{Heap before GC invocations=64 (full 1):
 garbage-first heap   total 76800K, used 69834K [0x0000000086400000, 0x0000000100000000)
  region size 1024K, 35 young (35840K), 1 survivors (1024K)
 Metaspace       used 90366K, committed 91136K, reserved 1179648K
  class space    used 12596K, committed 12928K, reserved 1048576K
}
Event: 4214.622 GC heap after
{Heap after GC invocations=65 (full 1):
 garbage-first heap   total 76800K, used 34990K [0x0000000086400000, 0x0000000100000000)
  region size 1024K, 1 young (1024K), 1 survivors (1024K)
 Metaspace       used 90366K, committed 91136K, reserved 1179648K
  class space    used 12596K, committed 12928K, reserved 1048576K
}
Event: 4339.246 GC heap before
{Heap before GC invocations=66 (full 1):
 garbage-first heap   total 76800K, used 69806K [0x0000000086400000, 0x0000000100000000)
  region size 1024K, 35 young (35840K), 1 survivors (1024K)
 Metaspace       used 90364K, committed 91136K, reserved 1179648K
  class space    used 12595K, committed 12928K, reserved 1048576K
}
Event: 4339.275 GC heap after
{Heap after GC invocations=67 (full 1):
 garbage-first heap   total 76800K, used 35078K [0x0000000086400000, 0x0000000100000000)
  region size 1024K, 1 young (1024K), 1 survivors (1024K)
 Metaspace       used 90364K, committed 91136K, reserved 1179648K
  class space    used 12595K, committed 12928K, reserved 1048576K
}
Event: 4463.104 GC heap before
{Heap before GC invocations=67 (full 1):
 garbage-first heap   total 76800K, used 69894K [0x0000000086400000, 0x0000000100000000)
  region size 1024K, 35 young (35840K), 1 survivors (1024K)
 Metaspace       used 90364K, committed 91136K, reserved 1179648K
  class space    used 12595K, committed 12928K, reserved 1048576K
}
Event: 4463.173 GC heap after
{Heap after GC invocations=68 (full 1):
 garbage-first heap   total 76800K, used 35014K [0x0000000086400000, 0x0000000100000000)
  region size 1024K, 1 young (1024K), 1 survivors (1024K)
 Metaspace       used 90364K, committed 91136K, reserved 1179648K
  class space    used 12595K, committed 12928K, reserved 1048576K
}
Event: 4586.504 GC heap before
{Heap before GC invocations=69 (full 1):
 garbage-first heap   total 76800K, used 69830K [0x0000000086400000, 0x0000000100000000)
  region size 1024K, 35 young (35840K), 1 survivors (1024K)
 Metaspace       used 90364K, committed 91136K, reserved 1179648K
  class space    used 12595K, committed 12928K, reserved 1048576K
}
Event: 4586.510 GC heap after
{Heap after GC invocations=70 (full 1):
 garbage-first heap   total 76800K, used 35097K [0x0000000086400000, 0x0000000100000000)
  region size 1024K, 1 young (1024K), 1 survivors (1024K)
 Metaspace       used 90364K, committed 91136K, reserved 1179648K
  class space    used 12595K, committed 12928K, reserved 1048576K
}
Event: 4694.999 GC heap before
{Heap before GC invocations=70 (full 1):
 garbage-first heap   total 76800K, used 69913K [0x0000000086400000, 0x0000000100000000)
  region size 1024K, 35 young (35840K), 1 survivors (1024K)
 Metaspace       used 90380K, committed 91136K, reserved 1179648K
  class space    used 12596K, committed 12928K, reserved 1048576K
}
Event: 4695.030 GC heap after
{Heap after GC invocations=71 (full 1):
 garbage-first heap   total 76800K, used 35708K [0x0000000086400000, 0x0000000100000000)
  region size 1024K, 1 young (1024K), 1 survivors (1024K)
 Metaspace       used 90380K, committed 91136K, reserved 1179648K
  class space    used 12596K, committed 12928K, reserved 1048576K
}
Event: 4700.530 GC heap before
{Heap before GC invocations=72 (full 1):
 garbage-first heap   total 76800K, used 68476K [0x0000000086400000, 0x0000000100000000)
  region size 1024K, 34 young (34816K), 1 survivors (1024K)
 Metaspace       used 90660K, committed 91328K, reserved 1179648K
  class space    used 12604K, committed 12928K, reserved 1048576K
}
Event: 4700.541 GC heap after
{Heap after GC invocations=73 (full 1):
 garbage-first heap   total 76800K, used 38614K [0x0000000086400000, 0x0000000100000000)
  region size 1024K, 4 young (4096K), 4 survivors (4096K)
 Metaspace       used 90660K, committed 91328K, reserved 1179648K
  class space    used 12604K, committed 12928K, reserved 1048576K
}
Event: 4704.148 GC heap before
{Heap before GC invocations=73 (full 1):
 garbage-first heap   total 76800K, used 65238K [0x0000000086400000, 0x0000000100000000)
  region size 1024K, 31 young (31744K), 4 survivors (4096K)
 Metaspace       used 91031K, committed 91776K, reserved 1179648K
  class space    used 12632K, committed 12992K, reserved 1048576K
}
Event: 4704.166 GC heap after
{Heap after GC invocations=74 (full 1):
 garbage-first heap   total 76800K, used 40620K [0x0000000086400000, 0x0000000100000000)
  region size 1024K, 3 young (3072K), 3 survivors (3072K)
 Metaspace       used 91031K, committed 91776K, reserved 1179648K
  class space    used 12632K, committed 12992K, reserved 1048576K
}
Event: 4706.019 GC heap before
{Heap before GC invocations=74 (full 1):
 garbage-first heap   total 76800K, used 67244K [0x0000000086400000, 0x0000000100000000)
  region size 1024K, 29 young (29696K), 3 survivors (3072K)
 Metaspace       used 91844K, committed 92608K, reserved 1179648K
  class space    used 12688K, committed 13056K, reserved 1048576K
}
Event: 4706.031 GC heap after
{Heap after GC invocations=75 (full 1):
 garbage-first heap   total 76800K, used 44338K [0x0000000086400000, 0x0000000100000000)
  region size 1024K, 4 young (4096K), 4 survivors (4096K)
 Metaspace       used 91844K, committed 92608K, reserved 1179648K
  class space    used 12688K, committed 13056K, reserved 1048576K
}
Event: 4709.643 GC heap before
{Heap before GC invocations=76 (full 1):
 garbage-first heap   total 76800K, used 65842K [0x0000000086400000, 0x0000000100000000)
  region size 1024K, 26 young (26624K), 4 survivors (4096K)
 Metaspace       used 91973K, committed 92800K, reserved 1179648K
  class space    used 12711K, committed 13120K, reserved 1048576K
}
Event: 4709.656 GC heap after
{Heap after GC invocations=77 (full 1):
 garbage-first heap   total 76800K, used 45958K [0x0000000086400000, 0x0000000100000000)
  region size 1024K, 3 young (3072K), 3 survivors (3072K)
 Metaspace       used 91973K, committed 92800K, reserved 1179648K
  class space    used 12711K, committed 13120K, reserved 1048576K
}
Event: 4762.470 GC heap before
{Heap before GC invocations=77 (full 1):
 garbage-first heap   total 76800K, used 67462K [0x0000000086400000, 0x0000000100000000)
  region size 1024K, 24 young (24576K), 3 survivors (3072K)
 Metaspace       used 91976K, committed 92800K, reserved 1179648K
  class space    used 12712K, committed 13120K, reserved 1048576K
}
Event: 4762.495 GC heap after
{Heap after GC invocations=78 (full 1):
 garbage-first heap   total 76800K, used 44906K [0x0000000086400000, 0x0000000100000000)
  region size 1024K, 1 young (1024K), 1 survivors (1024K)
 Metaspace       used 91976K, committed 92800K, reserved 1179648K
  class space    used 12712K, committed 13120K, reserved 1048576K
}

