# JRE version: OpenJDK Runtime Environment Temurin-21.0.8+9 (21.0.8+9) (build 21.0.8+9-LTS)
# Java VM: OpenJDK 64-Bit Server VM Temurin-21.0.8+9 (21.0.8+9-LTS, mixed mode, sharing, tiered, compressed oops, compressed class ptrs, g1 gc, windows-amd64)
GC Precious Log:
 CardTable entry size: 512
 Card Set container configuration: InlinePtr #cards 5 size 8 Array Of Cards #cards 12 size 40 Howl #buckets 4 coarsen threshold 1843 Howl Bitmap #cards 512 size 80 coarsen threshold 460 Card regions per heap region 1 cards per card region 2048
 CPUs: 4 total, 4 available
 Memory: 7790M
 Large Page Support: Disabled
 NUMA Support: Disabled
 Compressed Oops: Enabled (32-bit)
 Heap Region Size: 1M
 Heap Min Capacity: 8M
 Heap Initial Capacity: 122M
 Heap Max Capacity: 1948M
 Pre-touch: Disabled
 Parallel Workers: 4
 Concurrent Workers: 1
 Concurrent Refinement Workers: 4
 Periodic GC: Disabled
Heap:
 garbage-first heap   total 60416K, used 43186K [0x0000000086400000, 0x0000000100000000)
  region size 1024K, 9 young (9216K), 1 survivors (1024K)
 Metaspace       used 77807K, committed 78528K, reserved 1179648K
  class space    used 11109K, committed 11392K, reserved 1048576K
GC Heap History (20 events):
Event: 13.412 GC heap before
{Heap before GC invocations=15 (full 0):
 garbage-first heap   total 48128K, used 39249K [0x0000000086400000, 0x0000000100000000)
  region size 1024K, 17 young (17408K), 3 survivors (3072K)
 Metaspace       used 58354K, committed 59008K, reserved 1114112K
  class space    used 8118K, committed 8384K, reserved 1048576K
}
Event: 13.416 GC heap after
{Heap after GC invocations=16 (full 0):
 garbage-first heap   total 48128K, used 26681K [0x0000000086400000, 0x0000000100000000)
  region size 1024K, 2 young (2048K), 2 survivors (2048K)
 Metaspace       used 58354K, committed 59008K, reserved 1114112K
  class space    used 8118K, committed 8384K, reserved 1048576K
}
Event: 13.957 GC heap before
{Heap before GC invocations=16 (full 0):
 garbage-first heap   total 48128K, used 42041K [0x0000000086400000, 0x0000000100000000)
  region size 1024K, 17 young (17408K), 2 survivors (2048K)
 Metaspace       used 60455K, committed 61056K, reserved 1114112K
  class space    used 8396K, committed 8640K, reserved 1048576K
}
Event: 13.961 GC heap after
{Heap after GC invocations=17 (full 0):
 garbage-first heap   total 48128K, used 26887K [0x0000000086400000, 0x0000000100000000)
  region size 1024K, 2 young (2048K), 2 survivors (2048K)
 Metaspace       used 60455K, committed 61056K, reserved 1114112K
  class space    used 8396K, committed 8640K, reserved 1048576K
}
Event: 15.033 GC heap before
{Heap before GC invocations=17 (full 0):
 garbage-first heap   total 48128K, used 42247K [0x0000000086400000, 0x0000000100000000)
  region size 1024K, 17 young (17408K), 2 survivors (2048K)
 Metaspace       used 64162K, committed 64768K, reserved 1114112K
  class space    used 8914K, committed 9152K, reserved 1048576K
}
Event: 15.039 GC heap after
{Heap after GC invocations=18 (full 0):
 garbage-first heap   total 48128K, used 28253K [0x0000000086400000, 0x0000000100000000)
  region size 1024K, 3 young (3072K), 3 survivors (3072K)
 Metaspace       used 64162K, committed 64768K, reserved 1114112K
  class space    used 8914K, committed 9152K, reserved 1048576K
}
Event: 15.548 GC heap before
{Heap before GC invocations=19 (full 0):
 garbage-first heap   total 50176K, used 39517K [0x0000000086400000, 0x0000000100000000)
  region size 1024K, 15 young (15360K), 3 survivors (3072K)
 Metaspace       used 66850K, committed 67520K, reserved 1114112K
  class space    used 9299K, committed 9600K, reserved 1048576K
}
Event: 15.554 GC heap after
{Heap after GC invocations=20 (full 0):
 garbage-first heap   total 50176K, used 29430K [0x0000000086400000, 0x0000000100000000)
  region size 1024K, 2 young (2048K), 2 survivors (2048K)
 Metaspace       used 66850K, committed 67520K, reserved 1114112K
  class space    used 9299K, committed 9600K, reserved 1048576K
}
Event: 16.130 GC heap before
{Heap before GC invocations=20 (full 0):
 garbage-first heap   total 50176K, used 42742K [0x0000000086400000, 0x0000000100000000)
  region size 1024K, 16 young (16384K), 2 survivors (2048K)
 Metaspace       used 69060K, committed 69696K, reserved 1114112K
  class space    used 9761K, committed 10048K, reserved 1048576K
}
Event: 16.134 GC heap after
{Heap after GC invocations=21 (full 0):
 garbage-first heap   total 50176K, used 30456K [0x0000000086400000, 0x0000000100000000)
  region size 1024K, 2 young (2048K), 2 survivors (2048K)
 Metaspace       used 69060K, committed 69696K, reserved 1114112K
  class space    used 9761K, committed 10048K, reserved 1048576K
}
Event: 16.429 GC heap before
{Heap before GC invocations=21 (full 0):
 garbage-first heap   total 50176K, used 42744K [0x0000000086400000, 0x0000000100000000)
  region size 1024K, 15 young (15360K), 2 survivors (2048K)
 Metaspace       used 69889K, committed 70592K, reserved 1114112K
  class space    used 9846K, committed 10176K, reserved 1048576K
}
Event: 16.432 GC heap after
{Heap after GC invocations=22 (full 0):
 garbage-first heap   total 50176K, used 31339K [0x0000000086400000, 0x0000000100000000)
  region size 1024K, 1 young (1024K), 1 survivors (1024K)
 Metaspace       used 69889K, committed 70592K, reserved 1114112K
  class space    used 9846K, committed 10176K, reserved 1048576K
}
Event: 17.151 GC heap before
{Heap before GC invocations=23 (full 0):
 garbage-first heap   total 53248K, used 43627K [0x0000000086400000, 0x0000000100000000)
  region size 1024K, 14 young (14336K), 1 survivors (1024K)
 Metaspace       used 72436K, committed 73088K, reserved 1114112K
  class space    used 10357K, committed 10688K, reserved 1048576K
}
Event: 17.155 GC heap after
{Heap after GC invocations=24 (full 0):
 garbage-first heap   total 53248K, used 32248K [0x0000000086400000, 0x0000000100000000)
  region size 1024K, 2 young (2048K), 2 survivors (2048K)
 Metaspace       used 72436K, committed 73088K, reserved 1114112K
  class space    used 10357K, committed 10688K, reserved 1048576K
}
Event: 18.529 GC heap before
{Heap before GC invocations=24 (full 0):
 garbage-first heap   total 53248K, used 45560K [0x0000000086400000, 0x0000000100000000)
  region size 1024K, 16 young (16384K), 2 survivors (2048K)
 Metaspace       used 73978K, committed 74688K, reserved 1114112K
  class space    used 10611K, committed 10944K, reserved 1048576K
}
Event: 18.541 GC heap after
{Heap after GC invocations=25 (full 0):
 garbage-first heap   total 53248K, used 33197K [0x0000000086400000, 0x0000000100000000)
  region size 1024K, 2 young (2048K), 2 survivors (2048K)
 Metaspace       used 73978K, committed 74688K, reserved 1114112K
  class space    used 10611K, committed 10944K, reserved 1048576K
}
Event: 19.401 GC heap before
{Heap before GC invocations=25 (full 0):
 garbage-first heap   total 53248K, used 46509K [0x0000000086400000, 0x0000000100000000)
  region size 1024K, 15 young (15360K), 2 survivors (2048K)
 Metaspace       used 75003K, committed 75712K, reserved 1114112K
  class space    used 10736K, committed 11072K, reserved 1048576K
}
Event: 19.408 GC heap after
{Heap after GC invocations=26 (full 0):
 garbage-first heap   total 53248K, used 35109K [0x0000000086400000, 0x0000000100000000)
  region size 1024K, 2 young (2048K), 2 survivors (2048K)
 Metaspace       used 75003K, committed 75712K, reserved 1114112K
  class space    used 10736K, committed 11072K, reserved 1048576K
}
Event: 19.896 GC heap before
{Heap before GC invocations=27 (full 0):
 garbage-first heap   total 60416K, used 46373K [0x0000000086400000, 0x0000000100000000)
  region size 1024K, 13 young (13312K), 2 survivors (2048K)
 Metaspace       used 76613K, committed 77312K, reserved 1179648K
  class space    used 10946K, committed 11264K, reserved 1048576K
}
Event: 19.901 GC heap after
{Heap after GC invocations=28 (full 0):
 garbage-first heap   total 60416K, used 36018K [0x0000000086400000, 0x0000000100000000)
  region size 1024K, 1 young (1024K), 1 survivors (1024K)
 Metaspace       used 76613K, committed 77312K, reserved 1179648K
  class space    used 10946K, committed 11264K, reserved 1048576K
}

